<?xml version="1.0" encoding="UTF-8"?>
<!-- Generated by org.testng.reporters.JUnitXMLReporter -->
<testsuite hostname="LAPTOP-31B2K48K" ignored="0" name="Orange Hrm Live test" tests="2" failures="1" timestamp="29 Sep 2019 03:44:00 GMT" time="8.016" errors="0">
  <testcase name="hubspotLoginPageTitleTest" time="7.185" classname="com.hubspot.qa.testcases.LoginPageTest">
    <failure type="java.lang.AssertionError" message="HubSpot login page title is missing expected [HubSpot Login1] but found [HubSpot Login]">
      <![CDATA[java.lang.AssertionError: HubSpot login page title is missing expected [HubSpot Login1] but found [HubSpot Login]
at com.hubspot.qa.testcases.LoginPageTest.hubspotLoginPageTitleTest(LoginPageTest.java:17)
... Removed 30 stack frames]]>
    </failure>
  </testcase> <!-- hubspotLoginPageTitleTest -->
  <testcase name="hubspotLoginTest" time="0.464" classname="com.hubspot.qa.testcases.LoginPageTest"/>
</testsuite> <!-- Orange Hrm Live test -->
